0 info it worked if it ends with ok
1 verbose cli [ '/usr/bin/nodejs',
1 verbose cli   '/usr/bin/npm',
1 verbose cli   'i',
1 verbose cli   'child_process@latest',
1 verbose cli   '--save' ]
2 info using npm@1.3.10
3 info using node@v0.10.25
4 warn package.json github-webhook-listener@0.0.1 No description
5 warn package.json github-webhook-listener@0.0.1 No repository field.
6 warn package.json github-webhook-listener@0.0.1 No README data
7 verbose readDependencies using package.json deps
8 verbose cache add [ 'child_process@latest', null ]
9 verbose cache add name=undefined spec="child_process@latest" args=["child_process@latest",null]
10 verbose parsed url { protocol: null,
10 verbose parsed url   slashes: null,
10 verbose parsed url   auth: null,
10 verbose parsed url   host: null,
10 verbose parsed url   port: null,
10 verbose parsed url   hostname: null,
10 verbose parsed url   hash: null,
10 verbose parsed url   search: null,
10 verbose parsed url   query: null,
10 verbose parsed url   pathname: 'child_process@latest',
10 verbose parsed url   path: 'child_process@latest',
10 verbose parsed url   href: 'child_process@latest' }
11 verbose cache add name="child_process" spec="latest" args=["child_process","latest"]
12 verbose parsed url { protocol: null,
12 verbose parsed url   slashes: null,
12 verbose parsed url   auth: null,
12 verbose parsed url   host: null,
12 verbose parsed url   port: null,
12 verbose parsed url   hostname: null,
12 verbose parsed url   hash: null,
12 verbose parsed url   search: null,
12 verbose parsed url   query: null,
12 verbose parsed url   pathname: 'latest',
12 verbose parsed url   path: 'latest',
12 verbose parsed url   href: 'latest' }
13 verbose addNamed [ 'child_process', 'latest' ]
14 verbose addNamed [ null, null ]
15 silly lockFile 0e165969-child-process-latest child_process@latest
16 verbose lock child_process@latest /home/mf-side/.npm/0e165969-child-process-latest.lock
17 info addNameTag [ 'child_process', 'latest' ]
18 verbose url raw child_process
19 verbose url resolving [ 'https://registry.npmjs.org/', './child_process' ]
20 verbose url resolved https://registry.npmjs.org/child_process
21 info trying registry request attempt 1 at 02:03:03
22 http GET https://registry.npmjs.org/child_process
23 http 404 https://registry.npmjs.org/child_process
24 silly registry.get cb [ 404,
24 silly registry.get   { 'content-type': 'application/json',
24 silly registry.get     'cache-control': 'max-age=0',
24 silly registry.get     'content-length': '2',
24 silly registry.get     'accept-ranges': 'bytes',
24 silly registry.get     date: 'Fri, 18 Sep 2015 23:03:04 GMT',
24 silly registry.get     via: '1.1 varnish',
24 silly registry.get     age: '0',
24 silly registry.get     connection: 'keep-alive',
24 silly registry.get     'x-served-by': 'cache-fra1246-FRA',
24 silly registry.get     'x-cache': 'MISS',
24 silly registry.get     'x-cache-hits': '0',
24 silly registry.get     'x-timer': 'S1442617384.019418,VS0,VE194' } ]
25 error TypeError: Object.keys called on non-object
25 error     at Function.keys (native)
25 error     at installTargetsError (/usr/share/npm/lib/cache.js:708:24)
25 error     at /usr/share/npm/lib/cache.js:638:10
25 error     at saved (/usr/share/npm/node_modules/npm-registry-client/lib/get.js:142:7)
25 error     at /usr/lib/nodejs/graceful-fs/polyfills.js:133:7
25 error     at Object.oncomplete (fs.js:107:15)
26 error If you need help, you may report this log at:
26 error     <http://github.com/isaacs/npm/issues>
26 error or email it to:
26 error     <npm-@googlegroups.com>
27 error System Linux 3.16.0-49-generic
28 error command "/usr/bin/nodejs" "/usr/bin/npm" "i" "child_process@latest" "--save"
29 error cwd /home/mf-side/7parts/mathgraph/server/hooks
30 error node -v v0.10.25
31 error npm -v 1.3.10
32 error type called_on_non_object
33 verbose exit [ 1, true ]
